<?xml version="1.0" encoding="UTF-8"?>
<!-- Generated by org.testng.reporters.JUnitXMLReporter -->
<testsuite hostname="Coolama-Tatta" name="Command line test" tests="17" failures="2" timestamp="20 Sep 2022 06:30:54 GMT" time="23.885" errors="0">
  <testcase name="@BeforeMethod testDataSetup" time="0.0" classname="org.Fidelity.TestNG.Practise.ApplyDebitCard_CheckinActiveCustomer_Test">
    <failure type="java.lang.NullPointerException">
      <![CDATA[java.lang.NullPointerException
	at org.Fidelity.GeneralUtility.WebdriverUtility.launchingBrowserUsingParameter(WebdriverUtility.java:53)
	at org.Fidelity.GeneralUtility.BaseClass.testDataSetup(BaseClass.java:72)
... Removed 36 stack frames]]>
    </failure>
  </testcase> <!-- @BeforeMethod testDataSetup -->
  <testcase name="@AfterMethod tearLogins" time="0.0" classname="org.Fidelity.TestNG.Practise.ApplyDebitCard_CheckinActiveCustomer_Test">
    <skipped/>
  </testcase> <!-- @AfterMethod tearLogins -->
  <testcase name="@AfterClass classTearDown" time="0.002" classname="org.Fidelity.TestNG.Practise.ApplyDebitCard_CheckinActiveCustomer_Test">
    <skipped/>
  </testcase> <!-- @AfterClass classTearDown -->
  <testcase name="@BeforeMethod testDataSetup" time="0.0" classname="org.Fidelity.TestNG.Practise.CreditCustomer_VerifyInActiveCustomerPage_Test">
    <failure type="java.lang.NullPointerException">
      <![CDATA[java.lang.NullPointerException
	at org.Fidelity.GeneralUtility.WebdriverUtility.openingWebpage(WebdriverUtility.java:79)
	at org.Fidelity.GeneralUtility.BaseClassForAnnotationRun.testDataSetup(BaseClassForAnnotationRun.java:73)
... Removed 36 stack frames]]>
    </failure>
  </testcase> <!-- @BeforeMethod testDataSetup -->
  <testcase name="@AfterMethod tearLogins" time="0.0" classname="org.Fidelity.TestNG.Practise.CreditCustomer_VerifyInActiveCustomerPage_Test">
    <skipped/>
  </testcase> <!-- @AfterMethod tearLogins -->
  <testcase name="@AfterClass classTearDown" time="0.0" classname="org.Fidelity.TestNG.Practise.CreditCustomer_VerifyInActiveCustomerPage_Test">
    <skipped/>
  </testcase> <!-- @AfterClass classTearDown -->
  <testcase name="@BeforeClass classSetup" time="0.0" classname="org.Fidelity.TestNG.Practise.CustomerModuleTest">
    <skipped/>
  </testcase> <!-- @BeforeClass classSetup -->
  <testcase name="@BeforeMethod testDataSetup" time="0.0" classname="org.Fidelity.TestNG.Practise.CustomerModuleTest">
    <skipped/>
  </testcase> <!-- @BeforeMethod testDataSetup -->
  <testcase name="@AfterMethod tearLogins" time="0.0" classname="org.Fidelity.TestNG.Practise.CustomerModuleTest">
    <skipped/>
  </testcase> <!-- @AfterMethod tearLogins -->
  <testcase name="@BeforeMethod testDataSetup" time="0.0" classname="org.Fidelity.TestNG.Practise.CustomerModuleTest">
    <skipped/>
  </testcase> <!-- @BeforeMethod testDataSetup -->
  <testcase name="@AfterMethod tearLogins" time="0.0" classname="org.Fidelity.TestNG.Practise.CustomerModuleTest">
    <skipped/>
  </testcase> <!-- @AfterMethod tearLogins -->
  <testcase name="@BeforeMethod testDataSetup" time="0.0" classname="org.Fidelity.TestNG.Practise.CustomerModuleTest">
    <skipped/>
  </testcase> <!-- @BeforeMethod testDataSetup -->
  <testcase name="@AfterMethod tearLogins" time="0.0" classname="org.Fidelity.TestNG.Practise.CustomerModuleTest">
    <skipped/>
  </testcase> <!-- @AfterMethod tearLogins -->
  <testcase name="@BeforeMethod testDataSetup" time="0.0" classname="org.Fidelity.TestNG.Practise.CustomerModuleTest">
    <skipped/>
  </testcase> <!-- @BeforeMethod testDataSetup -->
  <testcase name="@AfterMethod tearLogins" time="0.0" classname="org.Fidelity.TestNG.Practise.CustomerModuleTest">
    <skipped/>
  </testcase> <!-- @AfterMethod tearLogins -->
  <testcase name="@AfterClass classTearDown" time="0.0" classname="org.Fidelity.TestNG.Practise.CustomerModuleTest">
    <skipped/>
  </testcase> <!-- @AfterClass classTearDown -->
  <testcase name="@BeforeClass classSetup" time="0.0" classname="org.Fidelity.TestNG.Practise.DeleteCustomer_VerifyInViewByACNoPage_Test">
    <skipped/>
  </testcase> <!-- @BeforeClass classSetup -->
  <testcase name="@BeforeMethod testDataSetup" time="0.0" classname="org.Fidelity.TestNG.Practise.DeleteCustomer_VerifyInViewByACNoPage_Test">
    <skipped/>
  </testcase> <!-- @BeforeMethod testDataSetup -->
  <testcase name="@AfterMethod tearLogins" time="0.0" classname="org.Fidelity.TestNG.Practise.DeleteCustomer_VerifyInViewByACNoPage_Test">
    <skipped/>
  </testcase> <!-- @AfterMethod tearLogins -->
  <testcase name="@AfterClass classTearDown" time="0.0" classname="org.Fidelity.TestNG.Practise.DeleteCustomer_VerifyInViewByACNoPage_Test">
    <skipped/>
  </testcase> <!-- @AfterClass classTearDown -->
  <testcase name="@BeforeClass classSetup" time="0.0" classname="org.Fidelity.TestNG.Practise.Open_ApproveandVerifyInActiveCustomer_Test">
    <skipped/>
  </testcase> <!-- @BeforeClass classSetup -->
  <testcase name="@BeforeMethod testDataSetup" time="0.0" classname="org.Fidelity.TestNG.Practise.Open_ApproveandVerifyInActiveCustomer_Test">
    <skipped/>
  </testcase> <!-- @BeforeMethod testDataSetup -->
  <testcase name="@AfterMethod tearLogins" time="0.0" classname="org.Fidelity.TestNG.Practise.Open_ApproveandVerifyInActiveCustomer_Test">
    <skipped/>
  </testcase> <!-- @AfterMethod tearLogins -->
  <testcase name="@AfterClass classTearDown" time="0.0" classname="org.Fidelity.TestNG.Practise.Open_ApproveandVerifyInActiveCustomer_Test">
    <skipped/>
  </testcase> <!-- @AfterClass classTearDown -->
  <testcase name="Test1" time="0.002" classname="org.Fidelity.TestNG.Practise.AnnotationPractiseTest"/>
  <testcase name="Test2" time="0.001" classname="org.Fidelity.TestNG.Practise.AnnotationPractiseTest"/>
  <testcase name="TestCase2Test" time="0.0" classname="org.Fidelity.TestNG.Practise.ApplyDebitCard_CheckinActiveCustomer_Test">
    <skipped/>
  </testcase> <!-- TestCase2Test -->
  <testcase name="TestCase3" time="0.0" classname="org.Fidelity.TestNG.Practise.CreditCustomer_VerifyInActiveCustomerPage_Test">
    <skipped/>
  </testcase> <!-- TestCase3 -->
  <testcase name="TestCase1" time="0.001" classname="org.Fidelity.TestNG.Practise.CustomerModuleTest">
    <skipped/>
  </testcase> <!-- TestCase1 -->
  <testcase name="TestCase2" time="0.0" classname="org.Fidelity.TestNG.Practise.CustomerModuleTest">
    <skipped/>
  </testcase> <!-- TestCase2 -->
  <testcase name="TestCase3" time="0.0" classname="org.Fidelity.TestNG.Practise.CustomerModuleTest">
    <skipped/>
  </testcase> <!-- TestCase3 -->
  <testcase name="TestCase4" time="0.001" classname="org.Fidelity.TestNG.Practise.CustomerModuleTest">
    <skipped/>
  </testcase> <!-- TestCase4 -->
  <testcase name="TestCase4" time="0.0" classname="org.Fidelity.TestNG.Practise.DeleteCustomer_VerifyInViewByACNoPage_Test">
    <skipped/>
  </testcase> <!-- TestCase4 -->
  <testcase name="launchingInstagram" time="4.209" classname="launchBrowser.DemoWebShop_Test">
    <failure type="org.openqa.selenium.WebDriverException" message="unknown error: cannot determine loading status
from disconnected: received Inspector.detached event
  (Session info: chrome=105.0.5195.127)
Build info: version: &amp;apos;4.1.1&amp;apos;, revision: &amp;apos;e8fcc2cecf&amp;apos;
System info: host: &amp;apos;COOLAMA-TATTA&amp;apos;, ip: &amp;apos;192.168.78.1&amp;apos;, os.name: &amp;apos;Windows 10&amp;apos;, os.arch: &amp;apos;amd64&amp;apos;, os.version: &amp;apos;10.0&amp;apos;, java.version: &amp;apos;1.8.0_311&amp;apos;
Driver info: org.openqa.selenium.chrome.ChromeDriver
Command: [41b5a6a93fb6ccf444ac4ecb2a016c09, get {url=http://demowebshop.tricentis.com/}]
Capabilities {acceptInsecureCerts: false, browserName: chrome, browserVersion: 105.0.5195.127, chrome: {chromedriverVersion: 105.0.5195.52 (412c95e51883..., userDataDir: C:\Users\Faster\AppData\Loc...}, goog:chromeOptions: {debuggerAddress: localhost:53521}, javascriptEnabled: true, networkConnectionEnabled: false, pageLoadStrategy: normal, platform: WINDOWS, platformName: WINDOWS, proxy: Proxy(), se:cdp: ws://localhost:53521/devtoo..., se:cdpVersion: 105.0.5195.127, setWindowRect: true, strictFileInteractability: false, timeouts: {implicit: 0, pageLoad: 300000, script: 30000}, unhandledPromptBehavior: dismiss and notify, webauthn:extension:credBlob: true, webauthn:extension:largeBlob: true, webauthn:virtualAuthenticators: true}
Session ID: 41b5a6a93fb6ccf444ac4ecb2a016c09">
      <![CDATA[org.openqa.selenium.WebDriverException: unknown error: cannot determine loading status
from disconnected: received Inspector.detached event
  (Session info: chrome=105.0.5195.127)
Build info: version: '4.1.1', revision: 'e8fcc2cecf'
System info: host: 'COOLAMA-TATTA', ip: '192.168.78.1', os.name: 'Windows 10', os.arch: 'amd64', os.version: '10.0', java.version: '1.8.0_311'
Driver info: org.openqa.selenium.chrome.ChromeDriver
Command: [41b5a6a93fb6ccf444ac4ecb2a016c09, get {url=http://demowebshop.tricentis.com/}]
Capabilities {acceptInsecureCerts: false, browserName: chrome, browserVersion: 105.0.5195.127, chrome: {chromedriverVersion: 105.0.5195.52 (412c95e51883..., userDataDir: C:\Users\Faster\AppData\Loc...}, goog:chromeOptions: {debuggerAddress: localhost:53521}, javascriptEnabled: true, networkConnectionEnabled: false, pageLoadStrategy: normal, platform: WINDOWS, platformName: WINDOWS, proxy: Proxy(), se:cdp: ws://localhost:53521/devtoo..., se:cdpVersion: 105.0.5195.127, setWindowRect: true, strictFileInteractability: false, timeouts: {implicit: 0, pageLoad: 300000, script: 30000}, unhandledPromptBehavior: dismiss and notify, webauthn:extension:credBlob: true, webauthn:extension:largeBlob: true, webauthn:virtualAuthenticators: true}
Session ID: 41b5a6a93fb6ccf444ac4ecb2a016c09
	at org.openqa.selenium.remote.codec.w3c.W3CHttpResponseCodec.createException(W3CHttpResponseCodec.java:200)
	at org.openqa.selenium.remote.codec.w3c.W3CHttpResponseCodec.decode(W3CHttpResponseCodec.java:133)
	at org.openqa.selenium.remote.codec.w3c.W3CHttpResponseCodec.decode(W3CHttpResponseCodec.java:53)
	at org.openqa.selenium.remote.HttpCommandExecutor.execute(HttpCommandExecutor.java:184)
	at org.openqa.selenium.remote.service.DriverCommandExecutor.invokeExecute(DriverCommandExecutor.java:167)
	at org.openqa.selenium.remote.service.DriverCommandExecutor.execute(DriverCommandExecutor.java:142)
	at org.openqa.selenium.remote.RemoteWebDriver.execute(RemoteWebDriver.java:543)
	at org.openqa.selenium.remote.RemoteWebDriver.get(RemoteWebDriver.java:312)
	at launchBrowser.DemoWebShop_Test.launchingInstagram(DemoWebShop_Test.java:14)
... Removed 38 stack frames]]>
    </failure>
  </testcase> <!-- launchingInstagram -->
  <testcase name="launchingFacebook" time="6.13" classname="launchBrowser.Facebook_Test"/>
  <testcase name="launchingInstagram" time="6.168" classname="launchBrowser.Instagram_Test">
    <failure type="org.openqa.selenium.NoSuchWindowException" message="no such window: target window already closed
from unknown error: web view not found
  (Session info: chrome=105.0.5195.127)
Build info: version: &amp;apos;4.1.1&amp;apos;, revision: &amp;apos;e8fcc2cecf&amp;apos;
System info: host: &amp;apos;COOLAMA-TATTA&amp;apos;, ip: &amp;apos;192.168.78.1&amp;apos;, os.name: &amp;apos;Windows 10&amp;apos;, os.arch: &amp;apos;amd64&amp;apos;, os.version: &amp;apos;10.0&amp;apos;, java.version: &amp;apos;1.8.0_311&amp;apos;
Driver info: org.openqa.selenium.chrome.ChromeDriver
Command: [2bdebfe0f5b637fa6067e4539383045c, maximizeCurrentWindow {}]
Capabilities {acceptInsecureCerts: false, browserName: chrome, browserVersion: 105.0.5195.127, chrome: {chromedriverVersion: 105.0.5195.52 (412c95e51883..., userDataDir: C:\Users\Faster\AppData\Loc...}, goog:chromeOptions: {debuggerAddress: localhost:53582}, javascriptEnabled: true, networkConnectionEnabled: false, pageLoadStrategy: normal, platform: WINDOWS, platformName: WINDOWS, proxy: Proxy(), se:cdp: ws://localhost:53582/devtoo..., se:cdpVersion: 105.0.5195.127, setWindowRect: true, strictFileInteractability: false, timeouts: {implicit: 0, pageLoad: 300000, script: 30000}, unhandledPromptBehavior: dismiss and notify, webauthn:extension:credBlob: true, webauthn:extension:largeBlob: true, webauthn:virtualAuthenticators: true}
Session ID: 2bdebfe0f5b637fa6067e4539383045c">
      <![CDATA[org.openqa.selenium.NoSuchWindowException: no such window: target window already closed
from unknown error: web view not found
  (Session info: chrome=105.0.5195.127)
Build info: version: '4.1.1', revision: 'e8fcc2cecf'
System info: host: 'COOLAMA-TATTA', ip: '192.168.78.1', os.name: 'Windows 10', os.arch: 'amd64', os.version: '10.0', java.version: '1.8.0_311'
Driver info: org.openqa.selenium.chrome.ChromeDriver
Command: [2bdebfe0f5b637fa6067e4539383045c, maximizeCurrentWindow {}]
Capabilities {acceptInsecureCerts: false, browserName: chrome, browserVersion: 105.0.5195.127, chrome: {chromedriverVersion: 105.0.5195.52 (412c95e51883..., userDataDir: C:\Users\Faster\AppData\Loc...}, goog:chromeOptions: {debuggerAddress: localhost:53582}, javascriptEnabled: true, networkConnectionEnabled: false, pageLoadStrategy: normal, platform: WINDOWS, platformName: WINDOWS, proxy: Proxy(), se:cdp: ws://localhost:53582/devtoo..., se:cdpVersion: 105.0.5195.127, setWindowRect: true, strictFileInteractability: false, timeouts: {implicit: 0, pageLoad: 300000, script: 30000}, unhandledPromptBehavior: dismiss and notify, webauthn:extension:credBlob: true, webauthn:extension:largeBlob: true, webauthn:virtualAuthenticators: true}
Session ID: 2bdebfe0f5b637fa6067e4539383045c
	at org.openqa.selenium.remote.codec.w3c.W3CHttpResponseCodec.createException(W3CHttpResponseCodec.java:200)
	at org.openqa.selenium.remote.codec.w3c.W3CHttpResponseCodec.decode(W3CHttpResponseCodec.java:133)
	at org.openqa.selenium.remote.codec.w3c.W3CHttpResponseCodec.decode(W3CHttpResponseCodec.java:53)
	at org.openqa.selenium.remote.HttpCommandExecutor.execute(HttpCommandExecutor.java:184)
	at org.openqa.selenium.remote.service.DriverCommandExecutor.invokeExecute(DriverCommandExecutor.java:167)
	at org.openqa.selenium.remote.service.DriverCommandExecutor.execute(DriverCommandExecutor.java:142)
	at org.openqa.selenium.remote.RemoteWebDriver.execute(RemoteWebDriver.java:543)
	at org.openqa.selenium.remote.RemoteWebDriver.execute(RemoteWebDriver.java:598)
	at org.openqa.selenium.remote.RemoteWebDriver.execute(RemoteWebDriver.java:602)
	at org.openqa.selenium.remote.RemoteWebDriver$RemoteWebDriverOptions$RemoteWindow.maximize(RemoteWebDriver.java:969)
	at launchBrowser.Instagram_Test.launchingInstagram(Instagram_Test.java:15)
... Removed 38 stack frames]]>
    </failure>
  </testcase> <!-- launchingInstagram -->
  <testcase name="TestCase1" time="0.0" classname="org.Fidelity.TestNG.Practise.Open_ApproveandVerifyInActiveCustomer_Test">
    <skipped/>
  </testcase> <!-- TestCase1 -->
  <testcase name="Run1" time="0.001" classname="org.Fidelity.TestNG.Practise.Test1test"/>
  <testcase name="Run2" time="0.001" classname="org.Fidelity.TestNG.Practise.Test1test"/>
  <testcase name="Run3" time="0.001" classname="org.Fidelity.TestNG.Practise.Test1test"/>
  <testcase name="Test2" time="0.001" classname="org.Fidelity.TestNG.Practise.Test2test"/>
</testsuite> <!-- Command line test -->
