<html>
<head>
<title>TestNG:  Command line test</title>
<link href="../testng.css" rel="stylesheet" type="text/css" />
<link href="../my-testng.css" rel="stylesheet" type="text/css" />

<style type="text/css">
.log { display: none;} 
.stack-trace { display: none;} 
</style>
<script type="text/javascript">
<!--
function flip(e) {
  current = e.style.display;
  if (current == 'block') {
    e.style.display = 'none';
    return 0;
  }
  else {
    e.style.display = 'block';
    return 1;
  }
}

function toggleBox(szDivId, elem, msg1, msg2)
{
  var res = -1;  if (document.getElementById) {
    res = flip(document.getElementById(szDivId));
  }
  else if (document.all) {
    // this is the way old msie versions work
    res = flip(document.all[szDivId]);
  }
  if(elem) {
    if(res == 0) elem.innerHTML = msg1; else elem.innerHTML = msg2;
  }

}

function toggleAllBoxes() {
  if (document.getElementsByTagName) {
    d = document.getElementsByTagName('div');
    for (i = 0; i < d.length; i++) {
      if (d[i].className == 'log') {
        flip(d[i]);
      }
    }
  }
}

// -->
</script>

</head>
<body>
<h2 align='center'>Command line test</h2><table border='1' align="center">
<tr>
<td>Tests passed/Failed/Skipped:</td><td>7/2/8</td>
</tr><tr>
<td>Started on:</td><td>Tue Sep 20 12:00:30 IST 2022</td>
</tr>
<tr><td>Total time:</td><td>23 seconds (23885 ms)</td>
</tr><tr>
<td>Included groups:</td><td></td>
</tr><tr>
<td>Excluded groups:</td><td></td>
</tr>
</table><p/>
<small><i>(Hover the method name to see the test class name)</i></small><p/>
<table width='100%' border='1' class='invocation-failed'>
<tr><td colspan='4' align='center'><b>FAILED CONFIGURATIONS</b></td></tr>
<tr><td><b>Test method</b></td>
<td width="30%"><b>Exception</b></td>
<td width="10%"><b>Time (seconds)</b></td>
<td><b>Instance</b></td>
</tr>
<tr>
<td title='org.Fidelity.TestNG.Practise.ApplyDebitCard_CheckinActiveCustomer_Test.testDataSetup()'><b>testDataSetup</b><br>Test class: org.Fidelity.TestNG.Practise.ApplyDebitCard_CheckinActiveCustomer_Test</td>
<td><div><pre>java.lang.NullPointerException
	at org.Fidelity.GeneralUtility.WebdriverUtility.launchingBrowserUsingParameter(WebdriverUtility.java:53)
	at org.Fidelity.GeneralUtility.BaseClass.testDataSetup(BaseClass.java:72)
... Removed 36 stack frames</pre></div><a href='#' onClick='toggleBox("stack-trace897848096", this, "Click to show all stack frames", "Click to hide stack frames")'>Click to show all stack frames</a>
<div class='stack-trace' id='stack-trace897848096'><pre>java.lang.NullPointerException
	at org.Fidelity.GeneralUtility.WebdriverUtility.launchingBrowserUsingParameter(WebdriverUtility.java:53)
	at org.Fidelity.GeneralUtility.BaseClass.testDataSetup(BaseClass.java:72)
	at sun.reflect.NativeMethodAccessorImpl.invoke0(Native Method)
	at sun.reflect.NativeMethodAccessorImpl.invoke(NativeMethodAccessorImpl.java:62)
	at sun.reflect.DelegatingMethodAccessorImpl.invoke(DelegatingMethodAccessorImpl.java:43)
	at java.lang.reflect.Method.invoke(Method.java:498)
	at org.testng.internal.MethodInvocationHelper.invokeMethod(MethodInvocationHelper.java:85)
	at org.testng.internal.Invoker.invokeConfigurationMethod(Invoker.java:510)
	at org.testng.internal.Invoker.invokeConfigurations(Invoker.java:211)
	at org.testng.internal.Invoker.invokeMethod(Invoker.java:585)
	at org.testng.internal.Invoker.invokeTestMethod(Invoker.java:816)
	at org.testng.internal.Invoker.invokeTestMethods(Invoker.java:1124)
	at org.testng.internal.TestMethodWorker.invokeTestMethods(TestMethodWorker.java:125)
	at org.testng.internal.TestMethodWorker.run(TestMethodWorker.java:108)
	at org.testng.TestRunner.privateRun(TestRunner.java:774)
	at org.testng.TestRunner.run(TestRunner.java:624)
	at org.testng.SuiteRunner.runTest(SuiteRunner.java:359)
	at org.testng.SuiteRunner.runSequentially(SuiteRunner.java:354)
	at org.testng.SuiteRunner.privateRun(SuiteRunner.java:312)
	at org.testng.SuiteRunner.run(SuiteRunner.java:261)
	at org.testng.SuiteRunnerWorker.runSuite(SuiteRunnerWorker.java:52)
	at org.testng.SuiteRunnerWorker.run(SuiteRunnerWorker.java:86)
	at org.testng.TestNG.runSuitesSequentially(TestNG.java:1191)
	at org.testng.TestNG.runSuitesLocally(TestNG.java:1116)
	at org.testng.TestNG.run(TestNG.java:1024)
	at org.apache.maven.surefire.testng.TestNGExecutor.run(TestNGExecutor.java:77)
	at org.apache.maven.surefire.testng.TestNGDirectoryTestSuite.executeMulti(TestNGDirectoryTestSuite.java:159)
	at org.apache.maven.surefire.testng.TestNGDirectoryTestSuite.execute(TestNGDirectoryTestSuite.java:99)
	at org.apache.maven.surefire.testng.TestNGProvider.invoke(TestNGProvider.java:106)
	at sun.reflect.NativeMethodAccessorImpl.invoke0(Native Method)
	at sun.reflect.NativeMethodAccessorImpl.invoke(NativeMethodAccessorImpl.java:62)
	at sun.reflect.DelegatingMethodAccessorImpl.invoke(DelegatingMethodAccessorImpl.java:43)
	at java.lang.reflect.Method.invoke(Method.java:498)
	at org.apache.maven.surefire.util.ReflectionUtils.invokeMethodWithArray(ReflectionUtils.java:189)
	at org.apache.maven.surefire.booter.ProviderFactory$ProviderProxy.invoke(ProviderFactory.java:165)
	at org.apache.maven.surefire.booter.ProviderFactory.invokeProvider(ProviderFactory.java:85)
	at org.apache.maven.surefire.booter.ForkedBooter.runSuitesInProcess(ForkedBooter.java:115)
	at org.apache.maven.surefire.booter.ForkedBooter.main(ForkedBooter.java:75)
</pre></div></td>
<td>0</td>
<td>org.Fidelity.TestNG.Practise.ApplyDebitCard_CheckinActiveCustomer_Test@c038203</td></tr>
<tr>
<td title='org.Fidelity.TestNG.Practise.CreditCustomer_VerifyInActiveCustomerPage_Test.testDataSetup()'><b>testDataSetup</b><br>Test class: org.Fidelity.TestNG.Practise.CreditCustomer_VerifyInActiveCustomerPage_Test</td>
<td><div><pre>java.lang.NullPointerException
	at org.Fidelity.GeneralUtility.WebdriverUtility.openingWebpage(WebdriverUtility.java:79)
	at org.Fidelity.GeneralUtility.BaseClassForAnnotationRun.testDataSetup(BaseClassForAnnotationRun.java:73)
... Removed 36 stack frames</pre></div><a href='#' onClick='toggleBox("stack-trace536671860", this, "Click to show all stack frames", "Click to hide stack frames")'>Click to show all stack frames</a>
<div class='stack-trace' id='stack-trace536671860'><pre>java.lang.NullPointerException
	at org.Fidelity.GeneralUtility.WebdriverUtility.openingWebpage(WebdriverUtility.java:79)
	at org.Fidelity.GeneralUtility.BaseClassForAnnotationRun.testDataSetup(BaseClassForAnnotationRun.java:73)
	at sun.reflect.NativeMethodAccessorImpl.invoke0(Native Method)
	at sun.reflect.NativeMethodAccessorImpl.invoke(NativeMethodAccessorImpl.java:62)
	at sun.reflect.DelegatingMethodAccessorImpl.invoke(DelegatingMethodAccessorImpl.java:43)
	at java.lang.reflect.Method.invoke(Method.java:498)
	at org.testng.internal.MethodInvocationHelper.invokeMethod(MethodInvocationHelper.java:85)
	at org.testng.internal.Invoker.invokeConfigurationMethod(Invoker.java:510)
	at org.testng.internal.Invoker.invokeConfigurations(Invoker.java:211)
	at org.testng.internal.Invoker.invokeMethod(Invoker.java:585)
	at org.testng.internal.Invoker.invokeTestMethod(Invoker.java:816)
	at org.testng.internal.Invoker.invokeTestMethods(Invoker.java:1124)
	at org.testng.internal.TestMethodWorker.invokeTestMethods(TestMethodWorker.java:125)
	at org.testng.internal.TestMethodWorker.run(TestMethodWorker.java:108)
	at org.testng.TestRunner.privateRun(TestRunner.java:774)
	at org.testng.TestRunner.run(TestRunner.java:624)
	at org.testng.SuiteRunner.runTest(SuiteRunner.java:359)
	at org.testng.SuiteRunner.runSequentially(SuiteRunner.java:354)
	at org.testng.SuiteRunner.privateRun(SuiteRunner.java:312)
	at org.testng.SuiteRunner.run(SuiteRunner.java:261)
	at org.testng.SuiteRunnerWorker.runSuite(SuiteRunnerWorker.java:52)
	at org.testng.SuiteRunnerWorker.run(SuiteRunnerWorker.java:86)
	at org.testng.TestNG.runSuitesSequentially(TestNG.java:1191)
	at org.testng.TestNG.runSuitesLocally(TestNG.java:1116)
	at org.testng.TestNG.run(TestNG.java:1024)
	at org.apache.maven.surefire.testng.TestNGExecutor.run(TestNGExecutor.java:77)
	at org.apache.maven.surefire.testng.TestNGDirectoryTestSuite.executeMulti(TestNGDirectoryTestSuite.java:159)
	at org.apache.maven.surefire.testng.TestNGDirectoryTestSuite.execute(TestNGDirectoryTestSuite.java:99)
	at org.apache.maven.surefire.testng.TestNGProvider.invoke(TestNGProvider.java:106)
	at sun.reflect.NativeMethodAccessorImpl.invoke0(Native Method)
	at sun.reflect.NativeMethodAccessorImpl.invoke(NativeMethodAccessorImpl.java:62)
	at sun.reflect.DelegatingMethodAccessorImpl.invoke(DelegatingMethodAccessorImpl.java:43)
	at java.lang.reflect.Method.invoke(Method.java:498)
	at org.apache.maven.surefire.util.ReflectionUtils.invokeMethodWithArray(ReflectionUtils.java:189)
	at org.apache.maven.surefire.booter.ProviderFactory$ProviderProxy.invoke(ProviderFactory.java:165)
	at org.apache.maven.surefire.booter.ProviderFactory.invokeProvider(ProviderFactory.java:85)
	at org.apache.maven.surefire.booter.ForkedBooter.runSuitesInProcess(ForkedBooter.java:115)
	at org.apache.maven.surefire.booter.ForkedBooter.main(ForkedBooter.java:75)
</pre></div></td>
<td>0</td>
<td>org.Fidelity.TestNG.Practise.CreditCustomer_VerifyInActiveCustomerPage_Test@cc285f4</td></tr>
</table><p>
<table width='100%' border='1' class='invocation-skipped'>
<tr><td colspan='4' align='center'><b>SKIPPED CONFIGURATIONS</b></td></tr>
<tr><td><b>Test method</b></td>
<td width="30%"><b>Exception</b></td>
<td width="10%"><b>Time (seconds)</b></td>
<td><b>Instance</b></td>
</tr>
<tr>
<td title='org.Fidelity.TestNG.Practise.CustomerModuleTest.classSetup()'><b>classSetup</b><br>Test class: org.Fidelity.TestNG.Practise.CustomerModuleTest</td>
<td></td>
<td>0</td>
<td>org.Fidelity.TestNG.Practise.CustomerModuleTest@55f3ddb1</td></tr>
<tr>
<td title='org.Fidelity.TestNG.Practise.DeleteCustomer_VerifyInViewByACNoPage_Test.classSetup()'><b>classSetup</b><br>Test class: org.Fidelity.TestNG.Practise.DeleteCustomer_VerifyInViewByACNoPage_Test</td>
<td></td>
<td>0</td>
<td>org.Fidelity.TestNG.Practise.DeleteCustomer_VerifyInViewByACNoPage_Test@8bd1b6a</td></tr>
<tr>
<td title='org.Fidelity.TestNG.Practise.Open_ApproveandVerifyInActiveCustomer_Test.classSetup()'><b>classSetup</b><br>Test class: org.Fidelity.TestNG.Practise.Open_ApproveandVerifyInActiveCustomer_Test</td>
<td></td>
<td>0</td>
<td>org.Fidelity.TestNG.Practise.Open_ApproveandVerifyInActiveCustomer_Test@18be83e4</td></tr>
<tr>
<td title='org.Fidelity.TestNG.Practise.CustomerModuleTest.testDataSetup()'><b>testDataSetup</b><br>Test class: org.Fidelity.TestNG.Practise.CustomerModuleTest</td>
<td></td>
<td>0</td>
<td>org.Fidelity.TestNG.Practise.CustomerModuleTest@55f3ddb1</td></tr>
<tr>
<td title='org.Fidelity.TestNG.Practise.CustomerModuleTest.testDataSetup()'><b>testDataSetup</b><br>Test class: org.Fidelity.TestNG.Practise.CustomerModuleTest</td>
<td></td>
<td>0</td>
<td>org.Fidelity.TestNG.Practise.CustomerModuleTest@55f3ddb1</td></tr>
<tr>
<td title='org.Fidelity.TestNG.Practise.CustomerModuleTest.testDataSetup()'><b>testDataSetup</b><br>Test class: org.Fidelity.TestNG.Practise.CustomerModuleTest</td>
<td></td>
<td>0</td>
<td>org.Fidelity.TestNG.Practise.CustomerModuleTest@55f3ddb1</td></tr>
<tr>
<td title='org.Fidelity.TestNG.Practise.CustomerModuleTest.testDataSetup()'><b>testDataSetup</b><br>Test class: org.Fidelity.TestNG.Practise.CustomerModuleTest</td>
<td></td>
<td>0</td>
<td>org.Fidelity.TestNG.Practise.CustomerModuleTest@55f3ddb1</td></tr>
<tr>
<td title='org.Fidelity.TestNG.Practise.DeleteCustomer_VerifyInViewByACNoPage_Test.testDataSetup()'><b>testDataSetup</b><br>Test class: org.Fidelity.TestNG.Practise.DeleteCustomer_VerifyInViewByACNoPage_Test</td>
<td></td>
<td>0</td>
<td>org.Fidelity.TestNG.Practise.DeleteCustomer_VerifyInViewByACNoPage_Test@8bd1b6a</td></tr>
<tr>
<td title='org.Fidelity.TestNG.Practise.Open_ApproveandVerifyInActiveCustomer_Test.testDataSetup()'><b>testDataSetup</b><br>Test class: org.Fidelity.TestNG.Practise.Open_ApproveandVerifyInActiveCustomer_Test</td>
<td></td>
<td>0</td>
<td>org.Fidelity.TestNG.Practise.Open_ApproveandVerifyInActiveCustomer_Test@18be83e4</td></tr>
<tr>
<td title='org.Fidelity.TestNG.Practise.ApplyDebitCard_CheckinActiveCustomer_Test.tearLogins()'><b>tearLogins</b><br>Test class: org.Fidelity.TestNG.Practise.ApplyDebitCard_CheckinActiveCustomer_Test</td>
<td></td>
<td>0</td>
<td>org.Fidelity.TestNG.Practise.ApplyDebitCard_CheckinActiveCustomer_Test@c038203</td></tr>
<tr>
<td title='org.Fidelity.TestNG.Practise.CreditCustomer_VerifyInActiveCustomerPage_Test.tearLogins()'><b>tearLogins</b><br>Test class: org.Fidelity.TestNG.Practise.CreditCustomer_VerifyInActiveCustomerPage_Test</td>
<td></td>
<td>0</td>
<td>org.Fidelity.TestNG.Practise.CreditCustomer_VerifyInActiveCustomerPage_Test@cc285f4</td></tr>
<tr>
<td title='org.Fidelity.TestNG.Practise.CustomerModuleTest.tearLogins()'><b>tearLogins</b><br>Test class: org.Fidelity.TestNG.Practise.CustomerModuleTest</td>
<td></td>
<td>0</td>
<td>org.Fidelity.TestNG.Practise.CustomerModuleTest@55f3ddb1</td></tr>
<tr>
<td title='org.Fidelity.TestNG.Practise.CustomerModuleTest.tearLogins()'><b>tearLogins</b><br>Test class: org.Fidelity.TestNG.Practise.CustomerModuleTest</td>
<td></td>
<td>0</td>
<td>org.Fidelity.TestNG.Practise.CustomerModuleTest@55f3ddb1</td></tr>
<tr>
<td title='org.Fidelity.TestNG.Practise.CustomerModuleTest.tearLogins()'><b>tearLogins</b><br>Test class: org.Fidelity.TestNG.Practise.CustomerModuleTest</td>
<td></td>
<td>0</td>
<td>org.Fidelity.TestNG.Practise.CustomerModuleTest@55f3ddb1</td></tr>
<tr>
<td title='org.Fidelity.TestNG.Practise.CustomerModuleTest.tearLogins()'><b>tearLogins</b><br>Test class: org.Fidelity.TestNG.Practise.CustomerModuleTest</td>
<td></td>
<td>0</td>
<td>org.Fidelity.TestNG.Practise.CustomerModuleTest@55f3ddb1</td></tr>
<tr>
<td title='org.Fidelity.TestNG.Practise.DeleteCustomer_VerifyInViewByACNoPage_Test.tearLogins()'><b>tearLogins</b><br>Test class: org.Fidelity.TestNG.Practise.DeleteCustomer_VerifyInViewByACNoPage_Test</td>
<td></td>
<td>0</td>
<td>org.Fidelity.TestNG.Practise.DeleteCustomer_VerifyInViewByACNoPage_Test@8bd1b6a</td></tr>
<tr>
<td title='org.Fidelity.TestNG.Practise.Open_ApproveandVerifyInActiveCustomer_Test.tearLogins()'><b>tearLogins</b><br>Test class: org.Fidelity.TestNG.Practise.Open_ApproveandVerifyInActiveCustomer_Test</td>
<td></td>
<td>0</td>
<td>org.Fidelity.TestNG.Practise.Open_ApproveandVerifyInActiveCustomer_Test@18be83e4</td></tr>
<tr>
<td title='org.Fidelity.TestNG.Practise.ApplyDebitCard_CheckinActiveCustomer_Test.classTearDown()'><b>classTearDown</b><br>Test class: org.Fidelity.TestNG.Practise.ApplyDebitCard_CheckinActiveCustomer_Test</td>
<td></td>
<td>0</td>
<td>org.Fidelity.TestNG.Practise.ApplyDebitCard_CheckinActiveCustomer_Test@c038203</td></tr>
<tr>
<td title='org.Fidelity.TestNG.Practise.CreditCustomer_VerifyInActiveCustomerPage_Test.classTearDown()'><b>classTearDown</b><br>Test class: org.Fidelity.TestNG.Practise.CreditCustomer_VerifyInActiveCustomerPage_Test</td>
<td></td>
<td>0</td>
<td>org.Fidelity.TestNG.Practise.CreditCustomer_VerifyInActiveCustomerPage_Test@cc285f4</td></tr>
<tr>
<td title='org.Fidelity.TestNG.Practise.CustomerModuleTest.classTearDown()'><b>classTearDown</b><br>Test class: org.Fidelity.TestNG.Practise.CustomerModuleTest</td>
<td></td>
<td>0</td>
<td>org.Fidelity.TestNG.Practise.CustomerModuleTest@55f3ddb1</td></tr>
<tr>
<td title='org.Fidelity.TestNG.Practise.DeleteCustomer_VerifyInViewByACNoPage_Test.classTearDown()'><b>classTearDown</b><br>Test class: org.Fidelity.TestNG.Practise.DeleteCustomer_VerifyInViewByACNoPage_Test</td>
<td></td>
<td>0</td>
<td>org.Fidelity.TestNG.Practise.DeleteCustomer_VerifyInViewByACNoPage_Test@8bd1b6a</td></tr>
<tr>
<td title='org.Fidelity.TestNG.Practise.Open_ApproveandVerifyInActiveCustomer_Test.classTearDown()'><b>classTearDown</b><br>Test class: org.Fidelity.TestNG.Practise.Open_ApproveandVerifyInActiveCustomer_Test</td>
<td></td>
<td>0</td>
<td>org.Fidelity.TestNG.Practise.Open_ApproveandVerifyInActiveCustomer_Test@18be83e4</td></tr>
</table><p>
<table width='100%' border='1' class='invocation-failed'>
<tr><td colspan='4' align='center'><b>FAILED TESTS</b></td></tr>
<tr><td><b>Test method</b></td>
<td width="30%"><b>Exception</b></td>
<td width="10%"><b>Time (seconds)</b></td>
<td><b>Instance</b></td>
</tr>
<tr>
<td title='launchBrowser.DemoWebShop_Test.launchingInstagram()'><b>launchingInstagram</b><br>Test class: launchBrowser.DemoWebShop_Test</td>
<td><div><pre>org.openqa.selenium.WebDriverException: unknown error: cannot determine loading status
from disconnected: received Inspector.detached event
  (Session info: chrome=105.0.5195.127)
Build info: version: &apos;4.1.1&apos;, revision: &apos;e8fcc2cecf&apos;
System info: host: &apos;COOLAMA-TATTA&apos;, ip: &apos;192.168.78.1&apos;, os.name: &apos;Windows 10&apos;, os.arch: &apos;amd64&apos;, os.version: &apos;10.0&apos;, java.version: &apos;1.8.0_311&apos;
Driver info: org.openqa.selenium.chrome.ChromeDriver
Command: [41b5a6a93fb6ccf444ac4ecb2a016c09, get {url=http://demowebshop.tricentis.com/}]
Capabilities {acceptInsecureCerts: false, browserName: chrome, browserVersion: 105.0.5195.127, chrome: {chromedriverVersion: 105.0.5195.52 (412c95e51883..., userDataDir: C:\Users\Faster\AppData\Loc...}, goog:chromeOptions: {debuggerAddress: localhost:53521}, javascriptEnabled: true, networkConnectionEnabled: false, pageLoadStrategy: normal, platform: WINDOWS, platformName: WINDOWS, proxy: Proxy(), se:cdp: ws://localhost:53521/devtoo..., se:cdpVersion: 105.0.5195.127, setWindowRect: true, strictFileInteractability: false, timeouts: {implicit: 0, pageLoad: 300000, script: 30000}, unhandledPromptBehavior: dismiss and notify, webauthn:extension:credBlob: true, webauthn:extension:largeBlob: true, webauthn:virtualAuthenticators: true}
Session ID: 41b5a6a93fb6ccf444ac4ecb2a016c09
	at org.openqa.selenium.remote.codec.w3c.W3CHttpResponseCodec.createException(W3CHttpResponseCodec.java:200)
	at org.openqa.selenium.remote.codec.w3c.W3CHttpResponseCodec.decode(W3CHttpResponseCodec.java:133)
	at org.openqa.selenium.remote.codec.w3c.W3CHttpResponseCodec.decode(W3CHttpResponseCodec.java:53)
	at org.openqa.selenium.remote.HttpCommandExecutor.execute(HttpCommandExecutor.java:184)
	at org.openqa.selenium.remote.service.DriverCommandExecutor.invokeExecute(DriverCommandExecutor.java:167)
	at org.openqa.selenium.remote.service.DriverCommandExecutor.execute(DriverCommandExecutor.java:142)
	at org.openqa.selenium.remote.RemoteWebDriver.execute(RemoteWebDriver.java:543)
	at org.openqa.selenium.remote.RemoteWebDriver.get(RemoteWebDriver.java:312)
	at launchBrowser.DemoWebShop_Test.launchingInstagram(DemoWebShop_Test.java:14)
... Removed 38 stack frames</pre></div><a href='#' onClick='toggleBox("stack-trace1525241607", this, "Click to show all stack frames", "Click to hide stack frames")'>Click to show all stack frames</a>
<div class='stack-trace' id='stack-trace1525241607'><pre>org.openqa.selenium.WebDriverException: unknown error: cannot determine loading status
from disconnected: received Inspector.detached event
  (Session info: chrome=105.0.5195.127)
Build info: version: &apos;4.1.1&apos;, revision: &apos;e8fcc2cecf&apos;
System info: host: &apos;COOLAMA-TATTA&apos;, ip: &apos;192.168.78.1&apos;, os.name: &apos;Windows 10&apos;, os.arch: &apos;amd64&apos;, os.version: &apos;10.0&apos;, java.version: &apos;1.8.0_311&apos;
Driver info: org.openqa.selenium.chrome.ChromeDriver
Command: [41b5a6a93fb6ccf444ac4ecb2a016c09, get {url=http://demowebshop.tricentis.com/}]
Capabilities {acceptInsecureCerts: false, browserName: chrome, browserVersion: 105.0.5195.127, chrome: {chromedriverVersion: 105.0.5195.52 (412c95e51883..., userDataDir: C:\Users\Faster\AppData\Loc...}, goog:chromeOptions: {debuggerAddress: localhost:53521}, javascriptEnabled: true, networkConnectionEnabled: false, pageLoadStrategy: normal, platform: WINDOWS, platformName: WINDOWS, proxy: Proxy(), se:cdp: ws://localhost:53521/devtoo..., se:cdpVersion: 105.0.5195.127, setWindowRect: true, strictFileInteractability: false, timeouts: {implicit: 0, pageLoad: 300000, script: 30000}, unhandledPromptBehavior: dismiss and notify, webauthn:extension:credBlob: true, webauthn:extension:largeBlob: true, webauthn:virtualAuthenticators: true}
Session ID: 41b5a6a93fb6ccf444ac4ecb2a016c09
	at sun.reflect.NativeConstructorAccessorImpl.newInstance0(Native Method)
	at sun.reflect.NativeConstructorAccessorImpl.newInstance(NativeConstructorAccessorImpl.java:62)
	at sun.reflect.DelegatingConstructorAccessorImpl.newInstance(DelegatingConstructorAccessorImpl.java:45)
	at java.lang.reflect.Constructor.newInstance(Constructor.java:423)
	at org.openqa.selenium.remote.codec.w3c.W3CHttpResponseCodec.createException(W3CHttpResponseCodec.java:200)
	at org.openqa.selenium.remote.codec.w3c.W3CHttpResponseCodec.decode(W3CHttpResponseCodec.java:133)
	at org.openqa.selenium.remote.codec.w3c.W3CHttpResponseCodec.decode(W3CHttpResponseCodec.java:53)
	at org.openqa.selenium.remote.HttpCommandExecutor.execute(HttpCommandExecutor.java:184)
	at org.openqa.selenium.remote.service.DriverCommandExecutor.invokeExecute(DriverCommandExecutor.java:167)
	at org.openqa.selenium.remote.service.DriverCommandExecutor.execute(DriverCommandExecutor.java:142)
	at org.openqa.selenium.remote.RemoteWebDriver.execute(RemoteWebDriver.java:543)
	at org.openqa.selenium.remote.RemoteWebDriver.get(RemoteWebDriver.java:312)
	at launchBrowser.DemoWebShop_Test.launchingInstagram(DemoWebShop_Test.java:14)
	at sun.reflect.NativeMethodAccessorImpl.invoke0(Native Method)
	at sun.reflect.NativeMethodAccessorImpl.invoke(NativeMethodAccessorImpl.java:62)
	at sun.reflect.DelegatingMethodAccessorImpl.invoke(DelegatingMethodAccessorImpl.java:43)
	at java.lang.reflect.Method.invoke(Method.java:498)
	at org.testng.internal.MethodInvocationHelper.invokeMethod(MethodInvocationHelper.java:85)
	at org.testng.internal.Invoker.invokeMethod(Invoker.java:639)
	at org.testng.internal.Invoker.invokeTestMethod(Invoker.java:816)
	at org.testng.internal.Invoker.invokeTestMethods(Invoker.java:1124)
	at org.testng.internal.TestMethodWorker.invokeTestMethods(TestMethodWorker.java:125)
	at org.testng.internal.TestMethodWorker.run(TestMethodWorker.java:108)
	at org.testng.TestRunner.privateRun(TestRunner.java:774)
	at org.testng.TestRunner.run(TestRunner.java:624)
	at org.testng.SuiteRunner.runTest(SuiteRunner.java:359)
	at org.testng.SuiteRunner.runSequentially(SuiteRunner.java:354)
	at org.testng.SuiteRunner.privateRun(SuiteRunner.java:312)
	at org.testng.SuiteRunner.run(SuiteRunner.java:261)
	at org.testng.SuiteRunnerWorker.runSuite(SuiteRunnerWorker.java:52)
	at org.testng.SuiteRunnerWorker.run(SuiteRunnerWorker.java:86)
	at org.testng.TestNG.runSuitesSequentially(TestNG.java:1191)
	at org.testng.TestNG.runSuitesLocally(TestNG.java:1116)
	at org.testng.TestNG.run(TestNG.java:1024)
	at org.apache.maven.surefire.testng.TestNGExecutor.run(TestNGExecutor.java:77)
	at org.apache.maven.surefire.testng.TestNGDirectoryTestSuite.executeMulti(TestNGDirectoryTestSuite.java:159)
	at org.apache.maven.surefire.testng.TestNGDirectoryTestSuite.execute(TestNGDirectoryTestSuite.java:99)
	at org.apache.maven.surefire.testng.TestNGProvider.invoke(TestNGProvider.java:106)
	at sun.reflect.NativeMethodAccessorImpl.invoke0(Native Method)
	at sun.reflect.NativeMethodAccessorImpl.invoke(NativeMethodAccessorImpl.java:62)
	at sun.reflect.DelegatingMethodAccessorImpl.invoke(DelegatingMethodAccessorImpl.java:43)
	at java.lang.reflect.Method.invoke(Method.java:498)
	at org.apache.maven.surefire.util.ReflectionUtils.invokeMethodWithArray(ReflectionUtils.java:189)
	at org.apache.maven.surefire.booter.ProviderFactory$ProviderProxy.invoke(ProviderFactory.java:165)
	at org.apache.maven.surefire.booter.ProviderFactory.invokeProvider(ProviderFactory.java:85)
	at org.apache.maven.surefire.booter.ForkedBooter.runSuitesInProcess(ForkedBooter.java:115)
	at org.apache.maven.surefire.booter.ForkedBooter.main(ForkedBooter.java:75)
</pre></div></td>
<td>4</td>
<td>launchBrowser.DemoWebShop_Test@4678c730</td></tr>
<tr>
<td title='launchBrowser.Instagram_Test.launchingInstagram()'><b>launchingInstagram</b><br>Test class: launchBrowser.Instagram_Test</td>
<td><div><pre>org.openqa.selenium.NoSuchWindowException: no such window: target window already closed
from unknown error: web view not found
  (Session info: chrome=105.0.5195.127)
Build info: version: &apos;4.1.1&apos;, revision: &apos;e8fcc2cecf&apos;
System info: host: &apos;COOLAMA-TATTA&apos;, ip: &apos;192.168.78.1&apos;, os.name: &apos;Windows 10&apos;, os.arch: &apos;amd64&apos;, os.version: &apos;10.0&apos;, java.version: &apos;1.8.0_311&apos;
Driver info: org.openqa.selenium.chrome.ChromeDriver
Command: [2bdebfe0f5b637fa6067e4539383045c, maximizeCurrentWindow {}]
Capabilities {acceptInsecureCerts: false, browserName: chrome, browserVersion: 105.0.5195.127, chrome: {chromedriverVersion: 105.0.5195.52 (412c95e51883..., userDataDir: C:\Users\Faster\AppData\Loc...}, goog:chromeOptions: {debuggerAddress: localhost:53582}, javascriptEnabled: true, networkConnectionEnabled: false, pageLoadStrategy: normal, platform: WINDOWS, platformName: WINDOWS, proxy: Proxy(), se:cdp: ws://localhost:53582/devtoo..., se:cdpVersion: 105.0.5195.127, setWindowRect: true, strictFileInteractability: false, timeouts: {implicit: 0, pageLoad: 300000, script: 30000}, unhandledPromptBehavior: dismiss and notify, webauthn:extension:credBlob: true, webauthn:extension:largeBlob: true, webauthn:virtualAuthenticators: true}
Session ID: 2bdebfe0f5b637fa6067e4539383045c
	at org.openqa.selenium.remote.codec.w3c.W3CHttpResponseCodec.createException(W3CHttpResponseCodec.java:200)
	at org.openqa.selenium.remote.codec.w3c.W3CHttpResponseCodec.decode(W3CHttpResponseCodec.java:133)
	at org.openqa.selenium.remote.codec.w3c.W3CHttpResponseCodec.decode(W3CHttpResponseCodec.java:53)
	at org.openqa.selenium.remote.HttpCommandExecutor.execute(HttpCommandExecutor.java:184)
	at org.openqa.selenium.remote.service.DriverCommandExecutor.invokeExecute(DriverCommandExecutor.java:167)
	at org.openqa.selenium.remote.service.DriverCommandExecutor.execute(DriverCommandExecutor.java:142)
	at org.openqa.selenium.remote.RemoteWebDriver.execute(RemoteWebDriver.java:543)
	at org.openqa.selenium.remote.RemoteWebDriver.execute(RemoteWebDriver.java:598)
	at org.openqa.selenium.remote.RemoteWebDriver.execute(RemoteWebDriver.java:602)
	at org.openqa.selenium.remote.RemoteWebDriver$RemoteWebDriverOptions$RemoteWindow.maximize(RemoteWebDriver.java:969)
	at launchBrowser.Instagram_Test.launchingInstagram(Instagram_Test.java:15)
... Removed 38 stack frames</pre></div><a href='#' onClick='toggleBox("stack-trace674233333", this, "Click to show all stack frames", "Click to hide stack frames")'>Click to show all stack frames</a>
<div class='stack-trace' id='stack-trace674233333'><pre>org.openqa.selenium.NoSuchWindowException: no such window: target window already closed
from unknown error: web view not found
  (Session info: chrome=105.0.5195.127)
Build info: version: &apos;4.1.1&apos;, revision: &apos;e8fcc2cecf&apos;
System info: host: &apos;COOLAMA-TATTA&apos;, ip: &apos;192.168.78.1&apos;, os.name: &apos;Windows 10&apos;, os.arch: &apos;amd64&apos;, os.version: &apos;10.0&apos;, java.version: &apos;1.8.0_311&apos;
Driver info: org.openqa.selenium.chrome.ChromeDriver
Command: [2bdebfe0f5b637fa6067e4539383045c, maximizeCurrentWindow {}]
Capabilities {acceptInsecureCerts: false, browserName: chrome, browserVersion: 105.0.5195.127, chrome: {chromedriverVersion: 105.0.5195.52 (412c95e51883..., userDataDir: C:\Users\Faster\AppData\Loc...}, goog:chromeOptions: {debuggerAddress: localhost:53582}, javascriptEnabled: true, networkConnectionEnabled: false, pageLoadStrategy: normal, platform: WINDOWS, platformName: WINDOWS, proxy: Proxy(), se:cdp: ws://localhost:53582/devtoo..., se:cdpVersion: 105.0.5195.127, setWindowRect: true, strictFileInteractability: false, timeouts: {implicit: 0, pageLoad: 300000, script: 30000}, unhandledPromptBehavior: dismiss and notify, webauthn:extension:credBlob: true, webauthn:extension:largeBlob: true, webauthn:virtualAuthenticators: true}
Session ID: 2bdebfe0f5b637fa6067e4539383045c
	at sun.reflect.NativeConstructorAccessorImpl.newInstance0(Native Method)
	at sun.reflect.NativeConstructorAccessorImpl.newInstance(NativeConstructorAccessorImpl.java:62)
	at sun.reflect.DelegatingConstructorAccessorImpl.newInstance(DelegatingConstructorAccessorImpl.java:45)
	at java.lang.reflect.Constructor.newInstance(Constructor.java:423)
	at org.openqa.selenium.remote.codec.w3c.W3CHttpResponseCodec.createException(W3CHttpResponseCodec.java:200)
	at org.openqa.selenium.remote.codec.w3c.W3CHttpResponseCodec.decode(W3CHttpResponseCodec.java:133)
	at org.openqa.selenium.remote.codec.w3c.W3CHttpResponseCodec.decode(W3CHttpResponseCodec.java:53)
	at org.openqa.selenium.remote.HttpCommandExecutor.execute(HttpCommandExecutor.java:184)
	at org.openqa.selenium.remote.service.DriverCommandExecutor.invokeExecute(DriverCommandExecutor.java:167)
	at org.openqa.selenium.remote.service.DriverCommandExecutor.execute(DriverCommandExecutor.java:142)
	at org.openqa.selenium.remote.RemoteWebDriver.execute(RemoteWebDriver.java:543)
	at org.openqa.selenium.remote.RemoteWebDriver.execute(RemoteWebDriver.java:598)
	at org.openqa.selenium.remote.RemoteWebDriver.execute(RemoteWebDriver.java:602)
	at org.openqa.selenium.remote.RemoteWebDriver$RemoteWebDriverOptions$RemoteWindow.maximize(RemoteWebDriver.java:969)
	at launchBrowser.Instagram_Test.launchingInstagram(Instagram_Test.java:15)
	at sun.reflect.NativeMethodAccessorImpl.invoke0(Native Method)
	at sun.reflect.NativeMethodAccessorImpl.invoke(NativeMethodAccessorImpl.java:62)
	at sun.reflect.DelegatingMethodAccessorImpl.invoke(DelegatingMethodAccessorImpl.java:43)
	at java.lang.reflect.Method.invoke(Method.java:498)
	at org.testng.internal.MethodInvocationHelper.invokeMethod(MethodInvocationHelper.java:85)
	at org.testng.internal.Invoker.invokeMethod(Invoker.java:639)
	at org.testng.internal.Invoker.invokeTestMethod(Invoker.java:816)
	at org.testng.internal.Invoker.invokeTestMethods(Invoker.java:1124)
	at org.testng.internal.TestMethodWorker.invokeTestMethods(TestMethodWorker.java:125)
	at org.testng.internal.TestMethodWorker.run(TestMethodWorker.java:108)
	at org.testng.TestRunner.privateRun(TestRunner.java:774)
	at org.testng.TestRunner.run(TestRunner.java:624)
	at org.testng.SuiteRunner.runTest(SuiteRunner.java:359)
	at org.testng.SuiteRunner.runSequentially(SuiteRunner.java:354)
	at org.testng.SuiteRunner.privateRun(SuiteRunner.java:312)
	at org.testng.SuiteRunner.run(SuiteRunner.java:261)
	at org.testng.SuiteRunnerWorker.runSuite(SuiteRunnerWorker.java:52)
	at org.testng.SuiteRunnerWorker.run(SuiteRunnerWorker.java:86)
	at org.testng.TestNG.runSuitesSequentially(TestNG.java:1191)
	at org.testng.TestNG.runSuitesLocally(TestNG.java:1116)
	at org.testng.TestNG.run(TestNG.java:1024)
	at org.apache.maven.surefire.testng.TestNGExecutor.run(TestNGExecutor.java:77)
	at org.apache.maven.surefire.testng.TestNGDirectoryTestSuite.executeMulti(TestNGDirectoryTestSuite.java:159)
	at org.apache.maven.surefire.testng.TestNGDirectoryTestSuite.execute(TestNGDirectoryTestSuite.java:99)
	at org.apache.maven.surefire.testng.TestNGProvider.invoke(TestNGProvider.java:106)
	at sun.reflect.NativeMethodAccessorImpl.invoke0(Native Method)
	at sun.reflect.NativeMethodAccessorImpl.invoke(NativeMethodAccessorImpl.java:62)
	at sun.reflect.DelegatingMethodAccessorImpl.invoke(DelegatingMethodAccessorImpl.java:43)
	at java.lang.reflect.Method.invoke(Method.java:498)
	at org.apache.maven.surefire.util.ReflectionUtils.invokeMethodWithArray(ReflectionUtils.java:189)
	at org.apache.maven.surefire.booter.ProviderFactory$ProviderProxy.invoke(ProviderFactory.java:165)
	at org.apache.maven.surefire.booter.ProviderFactory.invokeProvider(ProviderFactory.java:85)
	at org.apache.maven.surefire.booter.ForkedBooter.runSuitesInProcess(ForkedBooter.java:115)
	at org.apache.maven.surefire.booter.ForkedBooter.main(ForkedBooter.java:75)
</pre></div></td>
<td>6</td>
<td>launchBrowser.Instagram_Test@29ee9faa</td></tr>
</table><p>
<table width='100%' border='1' class='invocation-passed'>
<tr><td colspan='4' align='center'><b>PASSED TESTS</b></td></tr>
<tr><td><b>Test method</b></td>
<td width="30%"><b>Exception</b></td>
<td width="10%"><b>Time (seconds)</b></td>
<td><b>Instance</b></td>
</tr>
<tr>
<td title='org.Fidelity.TestNG.Practise.Test1test.Run1()'><b>Run1</b><br>Test class: org.Fidelity.TestNG.Practise.Test1test</td>
<td></td>
<td>0</td>
<td>org.Fidelity.TestNG.Practise.Test1test@cb5822</td></tr>
<tr>
<td title='org.Fidelity.TestNG.Practise.Test1test.Run2()'><b>Run2</b><br>Test class: org.Fidelity.TestNG.Practise.Test1test</td>
<td></td>
<td>0</td>
<td>org.Fidelity.TestNG.Practise.Test1test@cb5822</td></tr>
<tr>
<td title='org.Fidelity.TestNG.Practise.Test1test.Run3()'><b>Run3</b><br>Test class: org.Fidelity.TestNG.Practise.Test1test</td>
<td></td>
<td>0</td>
<td>org.Fidelity.TestNG.Practise.Test1test@cb5822</td></tr>
<tr>
<td title='org.Fidelity.TestNG.Practise.AnnotationPractiseTest.Test1()'><b>Test1</b><br>Test class: org.Fidelity.TestNG.Practise.AnnotationPractiseTest</td>
<td></td>
<td>0</td>
<td>org.Fidelity.TestNG.Practise.AnnotationPractiseTest@724af044</td></tr>
<tr>
<td title='org.Fidelity.TestNG.Practise.AnnotationPractiseTest.Test2()'><b>Test2</b><br>Test class: org.Fidelity.TestNG.Practise.AnnotationPractiseTest</td>
<td></td>
<td>0</td>
<td>org.Fidelity.TestNG.Practise.AnnotationPractiseTest@724af044</td></tr>
<tr>
<td title='org.Fidelity.TestNG.Practise.Test2test.Test2()'><b>Test2</b><br>Test class: org.Fidelity.TestNG.Practise.Test2test</td>
<td></td>
<td>0</td>
<td>org.Fidelity.TestNG.Practise.Test2test@4b9e13df</td></tr>
<tr>
<td title='launchBrowser.Facebook_Test.launchingFacebook()'><b>launchingFacebook</b><br>Test class: launchBrowser.Facebook_Test</td>
<td></td>
<td>6</td>
<td>launchBrowser.Facebook_Test@6767c1fc</td></tr>
</table><p>
<table width='100%' border='1' class='invocation-skipped'>
<tr><td colspan='4' align='center'><b>SKIPPED TESTS</b></td></tr>
<tr><td><b>Test method</b></td>
<td width="30%"><b>Exception</b></td>
<td width="10%"><b>Time (seconds)</b></td>
<td><b>Instance</b></td>
</tr>
<tr>
<td title='org.Fidelity.TestNG.Practise.CustomerModuleTest.TestCase1()'><b>TestCase1</b><br>Test class: org.Fidelity.TestNG.Practise.CustomerModuleTest<br>Parameters: public void org.Fidelity.TestNG.Practise.CustomerModuleTest.TestCase1(java.lang.reflect.Method)</td>
<td></td>
<td>0</td>
<td>org.Fidelity.TestNG.Practise.CustomerModuleTest@55f3ddb1</td></tr>
<tr>
<td title='org.Fidelity.TestNG.Practise.Open_ApproveandVerifyInActiveCustomer_Test.TestCase1()'><b>TestCase1</b><br>Test class: org.Fidelity.TestNG.Practise.Open_ApproveandVerifyInActiveCustomer_Test</td>
<td></td>
<td>0</td>
<td>org.Fidelity.TestNG.Practise.Open_ApproveandVerifyInActiveCustomer_Test@18be83e4</td></tr>
<tr>
<td title='org.Fidelity.TestNG.Practise.CustomerModuleTest.TestCase2()'><b>TestCase2</b><br>Test class: org.Fidelity.TestNG.Practise.CustomerModuleTest<br>Parameters: public void org.Fidelity.TestNG.Practise.CustomerModuleTest.TestCase2(java.lang.reflect.Method)</td>
<td></td>
<td>0</td>
<td>org.Fidelity.TestNG.Practise.CustomerModuleTest@55f3ddb1</td></tr>
<tr>
<td title='org.Fidelity.TestNG.Practise.ApplyDebitCard_CheckinActiveCustomer_Test.TestCase2Test()'><b>TestCase2Test</b><br>Test class: org.Fidelity.TestNG.Practise.ApplyDebitCard_CheckinActiveCustomer_Test</td>
<td></td>
<td>0</td>
<td>org.Fidelity.TestNG.Practise.ApplyDebitCard_CheckinActiveCustomer_Test@c038203</td></tr>
<tr>
<td title='org.Fidelity.TestNG.Practise.CreditCustomer_VerifyInActiveCustomerPage_Test.TestCase3()'><b>TestCase3</b><br>Test class: org.Fidelity.TestNG.Practise.CreditCustomer_VerifyInActiveCustomerPage_Test</td>
<td></td>
<td>0</td>
<td>org.Fidelity.TestNG.Practise.CreditCustomer_VerifyInActiveCustomerPage_Test@cc285f4</td></tr>
<tr>
<td title='org.Fidelity.TestNG.Practise.CustomerModuleTest.TestCase3()'><b>TestCase3</b><br>Test class: org.Fidelity.TestNG.Practise.CustomerModuleTest<br>Parameters: public void org.Fidelity.TestNG.Practise.CustomerModuleTest.TestCase3(java.lang.reflect.Method)</td>
<td></td>
<td>0</td>
<td>org.Fidelity.TestNG.Practise.CustomerModuleTest@55f3ddb1</td></tr>
<tr>
<td title='org.Fidelity.TestNG.Practise.CustomerModuleTest.TestCase4()'><b>TestCase4</b><br>Test class: org.Fidelity.TestNG.Practise.CustomerModuleTest<br>Parameters: public void org.Fidelity.TestNG.Practise.CustomerModuleTest.TestCase4(java.lang.reflect.Method)</td>
<td></td>
<td>0</td>
<td>org.Fidelity.TestNG.Practise.CustomerModuleTest@55f3ddb1</td></tr>
<tr>
<td title='org.Fidelity.TestNG.Practise.DeleteCustomer_VerifyInViewByACNoPage_Test.TestCase4()'><b>TestCase4</b><br>Test class: org.Fidelity.TestNG.Practise.DeleteCustomer_VerifyInViewByACNoPage_Test</td>
<td></td>
<td>0</td>
<td>org.Fidelity.TestNG.Practise.DeleteCustomer_VerifyInViewByACNoPage_Test@8bd1b6a</td></tr>
</table><p>
</body>
</html>