<?xml version="1.0" encoding="UTF-8"?>
<!-- Generated by org.testng.reporters.JUnitXMLReporter -->
<testsuite ignored="0" hostname="Coolama-Tatta" failures="1" tests="8" name="Test(failed)" time="37.219" errors="0" timestamp="2022-09-15T11:16:58 IST">
  <testcase classname="org.Fidelity.GeneralUtility.BaseClass" name="@AfterMethod tearLogins" time="10.034">
    <failure type="org.openqa.selenium.NoSuchElementException" message="no such element: Unable to locate element: {&amp;quot;method&amp;quot;:&amp;quot;css selector&amp;quot;,&amp;quot;selector&amp;quot;:&amp;quot;*[name=&amp;apos;logout_btn&amp;apos;]&amp;quot;}
  (Session info: chrome=105.0.5195.102)
For documentation on this error, please visit: https://selenium.dev/exceptions/#no_such_element
Build info: version: &amp;apos;4.1.1&amp;apos;, revision: &amp;apos;e8fcc2cecf&amp;apos;
System info: host: &amp;apos;COOLAMA-TATTA&amp;apos;, ip: &amp;apos;192.168.78.1&amp;apos;, os.name: &amp;apos;Windows 10&amp;apos;, os.arch: &amp;apos;amd64&amp;apos;, os.version: &amp;apos;10.0&amp;apos;, java.version: &amp;apos;16.0.1&amp;apos;
Driver info: org.openqa.selenium.chrome.ChromeDriver
Command: [44c0f13c12d30d16d4af4119b052e766, findElement {using=name, value=logout_btn}]
Capabilities {acceptInsecureCerts: false, browserName: chrome, browserVersion: 105.0.5195.102, chrome: {chromedriverVersion: 105.0.5195.52 (412c95e51883..., userDataDir: C:\Users\Faster\AppData\Loc...}, goog:chromeOptions: {debuggerAddress: localhost:53992}, javascriptEnabled: true, networkConnectionEnabled: false, pageLoadStrategy: normal, platform: WINDOWS, platformName: WINDOWS, proxy: Proxy(), se:cdp: ws://localhost:53992/devtoo..., se:cdpVersion: 105.0.5195.102, setWindowRect: true, strictFileInteractability: false, timeouts: {implicit: 0, pageLoad: 300000, script: 30000}, unhandledPromptBehavior: dismiss and notify, webauthn:extension:credBlob: true, webauthn:extension:largeBlob: true, webauthn:virtualAuthenticators: true}
Session ID: 44c0f13c12d30d16d4af4119b052e766">
      <![CDATA[org.openqa.selenium.NoSuchElementException: no such element: Unable to locate element: {"method":"css selector","selector":"*[name='logout_btn']"}
  (Session info: chrome=105.0.5195.102)
For documentation on this error, please visit: https://selenium.dev/exceptions/#no_such_element
Build info: version: '4.1.1', revision: 'e8fcc2cecf'
System info: host: 'COOLAMA-TATTA', ip: '192.168.78.1', os.name: 'Windows 10', os.arch: 'amd64', os.version: '10.0', java.version: '16.0.1'
Driver info: org.openqa.selenium.chrome.ChromeDriver
Command: [44c0f13c12d30d16d4af4119b052e766, findElement {using=name, value=logout_btn}]
Capabilities {acceptInsecureCerts: false, browserName: chrome, browserVersion: 105.0.5195.102, chrome: {chromedriverVersion: 105.0.5195.52 (412c95e51883..., userDataDir: C:\Users\Faster\AppData\Loc...}, goog:chromeOptions: {debuggerAddress: localhost:53992}, javascriptEnabled: true, networkConnectionEnabled: false, pageLoadStrategy: normal, platform: WINDOWS, platformName: WINDOWS, proxy: Proxy(), se:cdp: ws://localhost:53992/devtoo..., se:cdpVersion: 105.0.5195.102, setWindowRect: true, strictFileInteractability: false, timeouts: {implicit: 0, pageLoad: 300000, script: 30000}, unhandledPromptBehavior: dismiss and notify, webauthn:extension:credBlob: true, webauthn:extension:largeBlob: true, webauthn:virtualAuthenticators: true}
Session ID: 44c0f13c12d30d16d4af4119b052e766
at org.openqa.selenium.remote.codec.w3c.W3CHttpResponseCodec.createException(W3CHttpResponseCodec.java:200)
at org.openqa.selenium.remote.codec.w3c.W3CHttpResponseCodec.decode(W3CHttpResponseCodec.java:133)
at org.openqa.selenium.remote.codec.w3c.W3CHttpResponseCodec.decode(W3CHttpResponseCodec.java:53)
at org.openqa.selenium.remote.HttpCommandExecutor.execute(HttpCommandExecutor.java:184)
at org.openqa.selenium.remote.service.DriverCommandExecutor.invokeExecute(DriverCommandExecutor.java:167)
at org.openqa.selenium.remote.service.DriverCommandExecutor.execute(DriverCommandExecutor.java:142)
at org.openqa.selenium.remote.RemoteWebDriver.execute(RemoteWebDriver.java:543)
at org.openqa.selenium.remote.ElementLocation$ElementFinder$2.findElement(ElementLocation.java:162)
at org.openqa.selenium.remote.ElementLocation.findElement(ElementLocation.java:66)
at org.openqa.selenium.remote.RemoteWebDriver.findElement(RemoteWebDriver.java:367)
at org.openqa.selenium.remote.RemoteWebDriver.findElement(RemoteWebDriver.java:359)
at org.openqa.selenium.support.pagefactory.DefaultElementLocator.findElement(DefaultElementLocator.java:70)
at org.openqa.selenium.support.pagefactory.internal.LocatingElementHandler.invoke(LocatingElementHandler.java:39)
at jdk.proxy2/jdk.proxy2.$Proxy20.click(Unknown Source)
at pomRepository.StaffLoginPage.StaffLogOutMethod(StaffLoginPage.java:41)
at org.Fidelity.GeneralUtility.BaseClass.tearLogins(BaseClass.java:93)
at java.base/java.util.ArrayList.forEach(ArrayList.java:1511)
... Removed 37 stack frames]]>
    </failure>
  </testcase> <!-- @AfterMethod tearLogins -->
  <testcase classname="org.Fidelity.GeneralUtility.BaseClass" name="@BeforeMethod testDataSetup" time="-1.663220817729E9">
    <skipped/>
  </testcase> <!-- @BeforeMethod testDataSetup -->
  <testcase classname="org.Fidelity.GeneralUtility.BaseClass" name="@AfterMethod tearLogins" time="-1.663220817744E9">
    <skipped/>
  </testcase> <!-- @AfterMethod tearLogins -->
  <testcase classname="org.Fidelity.GeneralUtility.BaseClass" name="@BeforeMethod testDataSetup" time="-1.663220817749E9">
    <skipped/>
  </testcase> <!-- @BeforeMethod testDataSetup -->
  <testcase classname="org.Fidelity.GeneralUtility.BaseClass" name="@AfterMethod tearLogins" time="-1.663220817761E9">
    <skipped/>
  </testcase> <!-- @AfterMethod tearLogins -->
  <testcase classname="org.Fidelity.GeneralUtility.BaseClass" name="@BeforeMethod testDataSetup" time="-1.663220817764E9">
    <skipped/>
  </testcase> <!-- @BeforeMethod testDataSetup -->
  <testcase classname="org.Fidelity.GeneralUtility.BaseClass" name="@AfterMethod tearLogins" time="-1.663220818274E9">
    <skipped/>
  </testcase> <!-- @AfterMethod tearLogins -->
  <testcase classname="org.Fidelity.GeneralUtility.BaseClass" name="@BeforeMethod testDataSetup" time="-1.663220818278E9">
    <skipped/>
  </testcase> <!-- @BeforeMethod testDataSetup -->
  <testcase classname="org.Fidelity.GeneralUtility.BaseClass" name="@AfterMethod tearLogins" time="-1.663220818292E9">
    <skipped/>
  </testcase> <!-- @AfterMethod tearLogins -->
  <testcase classname="org.Fidelity.GeneralUtility.BaseClass" name="@BeforeMethod testDataSetup" time="-1.663220818294E9">
    <skipped/>
  </testcase> <!-- @BeforeMethod testDataSetup -->
  <testcase classname="org.Fidelity.GeneralUtility.BaseClass" name="@AfterMethod tearLogins" time="-1.663220818307E9">
    <skipped/>
  </testcase> <!-- @AfterMethod tearLogins -->
  <testcase classname="org.Fidelity.GeneralUtility.BaseClass" name="@BeforeMethod testDataSetup" time="-1.663220818313E9">
    <skipped/>
  </testcase> <!-- @BeforeMethod testDataSetup -->
  <testcase classname="org.Fidelity.GeneralUtility.BaseClass" name="@AfterMethod tearLogins" time="-1.663220818328E9">
    <skipped/>
  </testcase> <!-- @AfterMethod tearLogins -->
  <testcase classname="org.Fidelity.GeneralUtility.BaseClass" name="@AfterClass classTearDown" time="-1.66322081833E9">
    <skipped/>
  </testcase> <!-- @AfterClass classTearDown -->
  <testcase classname="org.Fidelity.TestNG.Practise.CustomerModuleTest" name="TestCase4" time="13.627">
    <skipped/>
  </testcase> <!-- TestCase4 -->
  <testcase classname="org.Fidelity.TestNG.Practise.CustomerModuleTest" name="TestCase4" time="0.001">
    <skipped/>
  </testcase> <!-- TestCase4 -->
  <testcase classname="org.Fidelity.TestNG.Practise.CustomerModuleTest" name="TestCase4" time="0.005">
    <skipped/>
  </testcase> <!-- TestCase4 -->
  <testcase classname="org.Fidelity.TestNG.Practise.CustomerModuleTest" name="TestCase4" time="0.001">
    <skipped/>
  </testcase> <!-- TestCase4 -->
  <testcase classname="org.Fidelity.TestNG.Practise.CustomerModuleTest" name="TestCase4" time="0.002">
    <failure type="java.lang.IllegalArgumentException" message="wrong number of arguments">
      <![CDATA[java.lang.IllegalArgumentException: wrong number of arguments
at java.base/java.util.ArrayList.forEach(ArrayList.java:1511)
... Removed 27 stack frames]]>
    </failure>
  </testcase> <!-- TestCase4 -->
  <testcase classname="org.Fidelity.TestNG.Practise.CustomerModuleTest" name="TestCase1" time="0.0">
    <skipped/>
  </testcase> <!-- TestCase1 -->
  <testcase classname="org.Fidelity.TestNG.Practise.CustomerModuleTest" name="TestCase3" time="0.0">
    <skipped/>
  </testcase> <!-- TestCase3 -->
  <testcase classname="org.Fidelity.TestNG.Practise.CustomerModuleTest" name="TestCase2" time="0.0">
    <skipped/>
  </testcase> <!-- TestCase2 -->
</testsuite> <!-- Test(failed) -->
