<?xml version="1.0" encoding="UTF-8"?>
<!-- Generated by org.testng.reporters.JUnitXMLReporter -->
<testsuite hostname="Coolama-Tatta" name="Test" tests="1" failures="0" timestamp="20 Sep 2022 07:33:12 GMT" time="9.267" errors="0">
  <testcase name="@BeforeMethod testDataSetup" time="0.0" classname="org.Fidelity.TestNG.Practise.CreditCustomer_VerifyInActiveCustomerPage_Test">
    <failure type="org.openqa.selenium.WebDriverException" message="unknown error: net::ERR_NAME_NOT_RESOLVED
  (Session info: chrome=105.0.5195.127)
Build info: version: &amp;apos;4.1.1&amp;apos;, revision: &amp;apos;e8fcc2cecf&amp;apos;
System info: host: &amp;apos;COOLAMA-TATTA&amp;apos;, ip: &amp;apos;192.168.78.1&amp;apos;, os.name: &amp;apos;Windows 10&amp;apos;, os.arch: &amp;apos;amd64&amp;apos;, os.version: &amp;apos;10.0&amp;apos;, java.version: &amp;apos;1.8.0_311&amp;apos;
Driver info: org.openqa.selenium.chrome.ChromeDriver
Command: [d51c0afd97aea135d0ed3147b071062d, get {url=https://rmgtestingserver/domain/}]
Capabilities {acceptInsecureCerts: false, browserName: chrome, browserVersion: 105.0.5195.127, chrome: {chromedriverVersion: 105.0.5195.52 (412c95e51883..., userDataDir: C:\Users\Faster\AppData\Loc...}, goog:chromeOptions: {debuggerAddress: localhost:51628}, javascriptEnabled: true, networkConnectionEnabled: false, pageLoadStrategy: normal, platform: WINDOWS, platformName: WINDOWS, proxy: Proxy(), se:cdp: ws://localhost:51628/devtoo..., se:cdpVersion: 105.0.5195.127, setWindowRect: true, strictFileInteractability: false, timeouts: {implicit: 0, pageLoad: 300000, script: 30000}, unhandledPromptBehavior: dismiss and notify, webauthn:extension:credBlob: true, webauthn:extension:largeBlob: true, webauthn:virtualAuthenticators: true}
Session ID: d51c0afd97aea135d0ed3147b071062d">
      <![CDATA[org.openqa.selenium.WebDriverException: unknown error: net::ERR_NAME_NOT_RESOLVED
  (Session info: chrome=105.0.5195.127)
Build info: version: '4.1.1', revision: 'e8fcc2cecf'
System info: host: 'COOLAMA-TATTA', ip: '192.168.78.1', os.name: 'Windows 10', os.arch: 'amd64', os.version: '10.0', java.version: '1.8.0_311'
Driver info: org.openqa.selenium.chrome.ChromeDriver
Command: [d51c0afd97aea135d0ed3147b071062d, get {url=https://rmgtestingserver/domain/}]
Capabilities {acceptInsecureCerts: false, browserName: chrome, browserVersion: 105.0.5195.127, chrome: {chromedriverVersion: 105.0.5195.52 (412c95e51883..., userDataDir: C:\Users\Faster\AppData\Loc...}, goog:chromeOptions: {debuggerAddress: localhost:51628}, javascriptEnabled: true, networkConnectionEnabled: false, pageLoadStrategy: normal, platform: WINDOWS, platformName: WINDOWS, proxy: Proxy(), se:cdp: ws://localhost:51628/devtoo..., se:cdpVersion: 105.0.5195.127, setWindowRect: true, strictFileInteractability: false, timeouts: {implicit: 0, pageLoad: 300000, script: 30000}, unhandledPromptBehavior: dismiss and notify, webauthn:extension:credBlob: true, webauthn:extension:largeBlob: true, webauthn:virtualAuthenticators: true}
Session ID: d51c0afd97aea135d0ed3147b071062d
	at org.openqa.selenium.remote.codec.w3c.W3CHttpResponseCodec.createException(W3CHttpResponseCodec.java:200)
	at org.openqa.selenium.remote.codec.w3c.W3CHttpResponseCodec.decode(W3CHttpResponseCodec.java:133)
	at org.openqa.selenium.remote.codec.w3c.W3CHttpResponseCodec.decode(W3CHttpResponseCodec.java:53)
	at org.openqa.selenium.remote.HttpCommandExecutor.execute(HttpCommandExecutor.java:184)
	at org.openqa.selenium.remote.service.DriverCommandExecutor.invokeExecute(DriverCommandExecutor.java:167)
	at org.openqa.selenium.remote.service.DriverCommandExecutor.execute(DriverCommandExecutor.java:142)
	at org.openqa.selenium.remote.RemoteWebDriver.execute(RemoteWebDriver.java:543)
	at org.openqa.selenium.remote.RemoteWebDriver.get(RemoteWebDriver.java:312)
	at org.Fidelity.GeneralUtility.WebdriverUtility.openingWebpage(WebdriverUtility.java:97)
	at org.Fidelity.GeneralUtility.BaseClassForAnnotationRun.testDataSetup(BaseClassForAnnotationRun.java:73)
... Removed 34 stack frames]]>
    </failure>
  </testcase> <!-- @BeforeMethod testDataSetup -->
  <testcase name="@AfterMethod tearLogins" time="0.0" classname="org.Fidelity.TestNG.Practise.CreditCustomer_VerifyInActiveCustomerPage_Test">
    <skipped/>
  </testcase> <!-- @AfterMethod tearLogins -->
  <testcase name="@AfterClass classTearDown" time="0.0" classname="org.Fidelity.TestNG.Practise.CreditCustomer_VerifyInActiveCustomerPage_Test">
    <skipped/>
  </testcase> <!-- @AfterClass classTearDown -->
  <testcase name="TestCase3" time="0.001" classname="org.Fidelity.TestNG.Practise.CreditCustomer_VerifyInActiveCustomerPage_Test">
    <skipped/>
  </testcase> <!-- TestCase3 -->
</testsuite> <!-- Test -->
